Сборка начата 23.03.2015 21:59:14.
     1>Проект "c:\Users\User\documents\visual studio 2010\Projects\ТиМП Стек\ТиМП Стек\ТиМП Стек.vcxproj" в узле 2 (целевые объекты build).
     1>InitializeBuildStatus:
         Обращение к "Debug\ТиМП Стек.unsuccessfulbuild".
       ClCompile:
         C:\Program Files (x86)\Microsoft Visual Studio 10.0\VC\bin\CL.exe /c /ZI /nologo /W3 /WX- /Od /Oy- /D WIN32 /D _DEBUG /D _CONSOLE /D _UNICODE /D UNICODE /Gm /EHsc /RTC1 /MDd /GS /fp:precise /Zc:wchar_t /Zc:forScope /Fo"Debug\\" /Fd"Debug\vc100.pdb" /Gd /TP /analyze- /errorReport:prompt 2314.cpp
         2314.cpp
       ManifestResourceCompile:
         Для всех выходных данных обновления не требуется.
       Link:
         C:\Program Files (x86)\Microsoft Visual Studio 10.0\VC\bin\link.exe /ERRORREPORT:PROMPT /OUT:"c:\users\user\documents\visual studio 2010\Projects\ТиМП Стек\Debug\ТиМП Стек.exe" /INCREMENTAL /NOLOGO kernel32.lib user32.lib gdi32.lib winspool.lib comdlg32.lib advapi32.lib shell32.lib ole32.lib oleaut32.lib uuid.lib odbc32.lib odbccp32.lib /MANIFEST /ManifestFile:"Debug\ТиМП Стек.exe.intermediate.manifest" /MANIFESTUAC:"level='asInvoker' uiAccess='false'" /DEBUG /PDB:"c:\users\user\documents\visual studio 2010\Projects\ТиМП Стек\Debug\ТиМП Стек.pdb" /SUBSYSTEM:CONSOLE /TLBID:1 /DYNAMICBASE /NXCOMPAT /IMPLIB:"c:\users\user\documents\visual studio 2010\Projects\ТиМП Стек\Debug\ТиМП Стек.lib" /MACHINE:X86 "Debug\ТиМП Стек.exe.embed.manifest.res"
         Debug\2314.obj
       Manifest:
         c:\Program Files (x86)\Microsoft SDKs\Windows\v7.0A\bin\mt.exe /nologo /verbose /out:"Debug\ТиМП Стек.exe.embed.manifest" /manifest "Debug\ТиМП Стек.exe.intermediate.manifest"
         Для всех выходных данных обновления не требуется.
       LinkEmbedManifest:
         Для всех выходных данных обновления не требуется.
         ТиМП Стек.vcxproj -> c:\users\user\documents\visual studio 2010\Projects\ТиМП Стек\Debug\ТиМП Стек.exe
       FinalizeBuildStatus:
         Файл "Debug\ТиМП Стек.unsuccessfulbuild" удаляется.
         Обращение к "Debug\ТиМП Стек.lastbuildstate".
     1>Построение проекта "c:\Users\User\documents\visual studio 2010\Projects\ТиМП Стек\ТиМП Стек\ТиМП Стек.vcxproj" завершено (целевые объекты build).

Построение успешно завершено.

Затраченное время: 00:00:00.58
